<?xml version="1.0" encoding="UTF-8"?>
<!-- Generated by org.testng.reporters.JUnitReportReporter -->
<testsuite hostname="DESKTOP-3M64TVO" failures="0" tests="2" name="TestCases" time="0.004" errors="0" timestamp="26 Oct 2022 21:55:38 GMT" skipped="0">
  <testcase classname="TestCases" name="searchCustomer" time="0.002"/>
  <testcase classname="TestCases" name="searchProduct" time="0.002"/>
</testsuite> <!-- TestCases -->
